
> evplus-funding-rate@0.1.0 dev /Users/Homoozy/Desktop/fundingv2
> turbo run dev "--filter" "@evplus/api"

turbo 2.5.8

• Packages in scope: @evplus/api
• Running dev in 1 packages
• Remote caching disabled
@evplus/api:dev: cache bypass, force executing 297fbb2d151fbd9d
@evplus/api:dev: 
@evplus/api:dev: > @evplus/api@0.1.0 dev /Users/Homoozy/Desktop/fundingv2/apps/api
@evplus/api:dev: > tsx watch src/index.ts
@evplus/api:dev: 
@evplus/api:dev: 
@evplus/api:dev: node:internal/process/esm_loader:34
@evplus/api:dev:       internalBinding('errors').triggerUncaughtException(
@evplus/api:dev:                                 ^
@evplus/api:dev: Error [ERR_INVALID_PACKAGE_CONFIG]: Invalid package config /Users/Homoozy/Desktop/fundingv2/apps/api/node_modules/@evplus/contracts/package.json while importing file:///Users/Homoozy/Desktop/fundingv2/apps/api/src/routes/latest.ts. "exports" cannot contain some keys starting with '.' and some not. The exports object must either be an object of package subpath keys or an object of main entry condition name keys only.
@evplus/api:dev:     at isConditionalExportsMainSugar (node:internal/modules/esm/resolve:557:13)
@evplus/api:dev:     at packageExportsResolve (node:internal/modules/esm/resolve:579:7)
@evplus/api:dev:     at packageResolve (node:internal/modules/esm/resolve:836:14)
@evplus/api:dev:     at moduleResolve (node:internal/modules/esm/resolve:910:20)
@evplus/api:dev:     at defaultResolve (node:internal/modules/esm/resolve:1130:11)
@evplus/api:dev:     at nextResolve (node:internal/modules/esm/hooks:865:28)
@evplus/api:dev:     at resolveBase (file:///Users/Homoozy/Desktop/fundingv2/node_modules/.pnpm/tsx@4.20.6/node_modules/tsx/dist/esm/index.mjs?1761019692987:2:3744)
@evplus/api:dev:     at resolveDirectory (file:///Users/Homoozy/Desktop/fundingv2/node_modules/.pnpm/tsx@4.20.6/node_modules/tsx/dist/esm/index.mjs?1761019692987:2:4243)
@evplus/api:dev:     at resolveTsPaths (file:///Users/Homoozy/Desktop/fundingv2/node_modules/.pnpm/tsx@4.20.6/node_modules/tsx/dist/esm/index.mjs?1761019692987:2:4984)
@evplus/api:dev:     at async resolve (file:///Users/Homoozy/Desktop/fundingv2/node_modules/.pnpm/tsx@4.20.6/node_modules/tsx/dist/esm/index.mjs?1761019692987:2:5355) {
@evplus/api:dev:   code: 'ERR_INVALID_PACKAGE_CONFIG'
@evplus/api:dev: }
@evplus/api:dev: 
@evplus/api:dev: Node.js v20.11.0
